{
  "RSpec": {
    "coverage": {
      "/home/ubuntu/workspace/spec/auth/authenticate_user_spec.rb": [
        1,
        null,
        1,
        null,
        2,
        null,
        2,
        null,
        2,
        null,
        null,
        1,
        null,
        1,
        1,
        1,
        1,
        null,
        null,
        null,
        null,
        1,
        1,
        2,
        null,
        null,
        null,
        null,
        null,
        null,
        null,
        null
      ],
      "/home/ubuntu/workspace/spec/rails_helper.rb": [
        null,
        1,
        1,
        null,
        1,
        1,
        1,
        null,
        1,
        null,
        null,
        null,
        null,
        null,
        null,
        null,
        null,
        null,
        null,
        null,
        null,
        null,
        3,
        null,
        null,
        null,
        1,
        null,
        1,
        1,
        1,
        1,
        null,
        null,
        null,
        1,
        null,
        1,
        null,
        null,
        null,
        null,
        1,
        null,
        1,
        null,
        1,
        1,
        1,
        null,
        null,
        1,
        20,
        20,
        null,
        null,
        null,
        null,
        null,
        null,
        null,
        null,
        null,
        null,
        null,
        null,
        null,
        null,
        null,
        1,
        null,
        1,
        1,
        null,
        1,
        null,
        null,
        null
      ],
      "/home/ubuntu/workspace/config/environment.rb": [
        null,
        1,
        null,
        null,
        1
      ],
      "/home/ubuntu/workspace/config/application.rb": [
        1,
        null,
        1,
        null,
        null,
        null,
        1,
        null,
        1,
        1,
        1,
        1,
        1,
        1,
        null,
        null,
        1,
        null,
        null
      ],
      "/home/ubuntu/workspace/config/boot.rb": [
        1,
        null,
        1
      ],
      "/home/ubuntu/workspace/config/environments/test.rb": [
        1,
        null,
        null,
        null,
        null,
        null,
        null,
        1,
        null,
        null,
        null,
        null,
        1,
        null,
        null,
        1,
        1,
        null,
        null,
        1,
        1,
        null,
        null,
        1,
        null,
        null,
        1,
        null,
        null,
        null,
        null,
        1,
        null,
        null,
        1,
        null,
        null,
        1,
        null,
        null,
        null,
        null
      ],
      "/home/ubuntu/workspace/config/initializers/assets.rb": [
        null,
        null,
        null,
        1,
        null,
        null,
        null,
        null,
        null,
        null,
        null
      ],
      "/home/ubuntu/workspace/config/initializers/backtrace_silencers.rb": [
        null,
        null,
        null,
        null,
        null,
        null,
        null
      ],
      "/home/ubuntu/workspace/config/initializers/cookies_serializer.rb": [
        null,
        null,
        1
      ],
      "/home/ubuntu/workspace/config/initializers/filter_parameter_logging.rb": [
        null,
        null,
        null,
        1
      ],
      "/home/ubuntu/workspace/config/initializers/inflections.rb": [
        null,
        null,
        null,
        null,
        null,
        null,
        null,
        null,
        null,
        null,
        null,
        null,
        null,
        null,
        null,
        null
      ],
      "/home/ubuntu/workspace/config/initializers/mime_types.rb": [
        null,
        null,
        null,
        null,
        1
      ],
      "/home/ubuntu/workspace/config/initializers/session_store.rb": [
        null,
        null,
        1
      ],
      "/home/ubuntu/workspace/config/initializers/wicked_pdf.rb": [
        null,
        null,
        null,
        null,
        null,
        null,
        null,
        null,
        null,
        null,
        1,
        null,
        null,
        null,
        null,
        null,
        null,
        null,
        null,
        null,
        null
      ],
      "/home/ubuntu/workspace/config/initializers/wrap_parameters.rb": [
        null,
        null,
        null,
        null,
        null,
        null,
        1,
        2,
        null,
        null,
        null,
        null,
        null,
        null
      ],
      "/home/ubuntu/workspace/spec/factories/users.rb": [
        1,
        1,
        16,
        1,
        1,
        null,
        null
      ],
      "/home/ubuntu/workspace/config/routes.rb": [
        1,
        null,
        1,
        1,
        1,
        1,
        1,
        1,
        null,
        null,
        1,
        1,
        null,
        null
      ],
      "/home/ubuntu/workspace/app/lib/api_version.rb": [
        1,
        1,
        null,
        1,
        1,
        1,
        null,
        null,
        null,
        1,
        0,
        null,
        null,
        1,
        null,
        1,
        null,
        0,
        0,
        null,
        null
      ],
      "/home/ubuntu/workspace/app/helpers/application_helper.rb": [
        1,
        null
      ],
      "/home/ubuntu/workspace/app/helpers/authentication_helper.rb": [
        1,
        null
      ],
      "/home/ubuntu/workspace/app/helpers/trips_helper.rb": [
        1,
        null
      ],
      "/home/ubuntu/workspace/app/helpers/users_helper.rb": [
        1,
        null
      ],
      "/home/ubuntu/workspace/spec/support/controller_spec_helper.rb": [
        1,
        null,
        1,
        10,
        null,
        null,
        null,
        1,
        1,
        null,
        null,
        null,
        1,
        null,
        null,
        null,
        7,
        null,
        null,
        null,
        1,
        null,
        null,
        null,
        0,
        null,
        null
      ],
      "/home/ubuntu/workspace/spec/support/request_spec_helper.rb": [
        1,
        1,
        5,
        null,
        null
      ],
      "/home/ubuntu/workspace/app/auth/authenticate_user.rb": [
        1,
        1,
        7,
        7,
        null,
        null,
        null,
        1,
        7,
        null,
        null,
        1,
        null,
        1,
        null,
        null,
        1,
        12,
        12,
        null,
        2,
        null,
        null
      ],
      "/home/ubuntu/workspace/spec/auth/authorize_api_request_spec.rb": [
        1,
        null,
        1,
        null,
        3,
        null,
        2,
        null,
        2,
        null,
        2,
        null,
        null,
        null,
        1,
        null,
        1,
        1,
        1,
        1,
        null,
        null,
        null,
        null,
        1,
        1,
        1,
        2,
        null,
        null,
        null,
        null,
        1,
        1,
        null,
        1,
        null,
        null,
        1,
        2,
        null,
        null,
        null,
        null,
        1,
        2,
        2,
        null,
        1,
        2,
        null,
        null,
        null,
        null,
        null,
        null,
        null,
        1,
        2,
        2,
        null,
        1,
        2,
        null,
        null,
        null,
        null,
        null,
        null,
        null,
        null,
        null
      ],
      "/home/ubuntu/workspace/app/auth/authorize_api_request.rb": [
        1,
        1,
        7,
        null,
        null,
        null,
        1,
        null,
        null,
        7,
        null,
        null,
        1,
        null,
        1,
        null,
        1,
        null,
        null,
        7,
        null,
        null,
        null,
        1,
        null,
        1,
        null,
        null,
        null,
        null,
        1,
        10,
        null,
        null,
        null,
        1,
        7,
        5,
        null,
        2,
        null,
        null
      ],
      "/home/ubuntu/workspace/spec/controllers/application_controller_spec.rb": [
        1,
        null,
        1,
        null,
        3,
        null,
        2,
        2,
        null,
        1,
        1,
        2,
        null,
        null,
        1,
        2,
        null,
        null,
        null,
        1,
        1,
        1,
        null,
        null,
        1,
        3,
        null,
        null,
        null,
        null,
        null
      ],
      "/home/ubuntu/workspace/app/controllers/application_controller.rb": [
        1,
        1,
        1,
        1,
        1,
        1,
        1,
        null,
        1,
        0,
        null,
        null,
        1,
        null,
        1,
        2,
        null,
        null
      ],
      "/home/ubuntu/workspace/app/controllers/concerns/response.rb": [
        1,
        1,
        7,
        null,
        null
      ],
      "/home/ubuntu/workspace/app/controllers/concerns/exception_handler.rb": [
        1,
        1,
        null,
        null,
        1,
        1,
        1,
        null,
        1,
        null,
        1,
        1,
        1,
        1,
        null,
        1,
        0,
        null,
        null,
        null,
        1,
        null,
        null,
        1,
        2,
        null,
        null,
        null,
        1,
        1,
        null,
        null
      ],
      "/home/ubuntu/workspace/spec/models/user_spec.rb": [
        1,
        null,
        null,
        1,
        null,
        null,
        2,
        null,
        null,
        2,
        2,
        2,
        null
      ],
      "/home/ubuntu/workspace/app/models/user.rb": [
        1,
        null,
        1,
        null,
        null,
        1,
        1,
        null,
        1,
        1,
        null,
        1,
        null,
        1,
        34,
        21,
        null,
        null,
        null,
        1,
        0,
        null,
        null,
        null
      ],
      "/home/ubuntu/workspace/app/models/application_record.rb": [
        1,
        1,
        null
      ],
      "/home/ubuntu/workspace/spec/requests/authentication_spec.rb": [
        1,
        null,
        1,
        null,
        1,
        null,
        3,
        null,
        3,
        null,
        1,
        null,
        null,
        null,
        1,
        null,
        1,
        null,
        null,
        null,
        1,
        null,
        null,
        null,
        null,
        null,
        null,
        1,
        2,
        null,
        1,
        1,
        null,
        null,
        null,
        null,
        1,
        2,
        null,
        1,
        1,
        null,
        null,
        null,
        null
      ],
      "/home/ubuntu/workspace/spec/requests/users_spec.rb": [
        1,
        null,
        1,
        6,
        6,
        1,
        3,
        null,
        null,
        null,
        1,
        1,
        4,
        null,
        1,
        1,
        null,
        null,
        1,
        1,
        null,
        null,
        1,
        1,
        null,
        null,
        null,
        1,
        3,
        null,
        1,
        1,
        null,
        null,
        1,
        1,
        null,
        null,
        null,
        null,
        null
      ],
      "/home/ubuntu/workspace/app/lib/json_web_token.rb": [
        1,
        null,
        1,
        null,
        1,
        null,
        16,
        null,
        16,
        null,
        null,
        1,
        null,
        5,
        3,
        null,
        null,
        null,
        2,
        null,
        null
      ],
      "/home/ubuntu/workspace/app/lib/message.rb": [
        null,
        1,
        1,
        0,
        null,
        null,
        1,
        2,
        null,
        null,
        1,
        1,
        null,
        null,
        1,
        2,
        null,
        null,
        1,
        0,
        null,
        null,
        1,
        3,
        null,
        null,
        1,
        0,
        null,
        null,
        1,
        0,
        null,
        null
      ],
      "/home/ubuntu/workspace/app/models/trip.rb": [
        1,
        1,
        1,
        null
      ],
      "/home/ubuntu/workspace/app/controllers/authentication_controller.rb": [
        1,
        1,
        null,
        1,
        2,
        null,
        1,
        1,
        null,
        null,
        1,
        null,
        1,
        5,
        null,
        null
      ],
      "/home/ubuntu/workspace/app/controllers/users_controller.rb": [
        1,
        null,
        1,
        null,
        null,
        null,
        1,
        5,
        3,
        3,
        3,
        null,
        null,
        1,
        null,
        1,
        5,
        null,
        null,
        null,
        null,
        null,
        null,
        null
      ]
    },
    "timestamp": 1550621122
  }
}
